Release 14.7 - xst P.20131013 (lin64)
Copyright (c) 1995-2013 Xilinx, Inc.  All rights reserved.
--> 

TABLE OF CONTENTS
  1) Synthesis Options Summary
  2) HDL Compilation
  3) Design Hierarchy Analysis
  4) HDL Analysis
  5) HDL Synthesis
     5.1) HDL Synthesis Report
  6) Advanced HDL Synthesis
     6.1) Advanced HDL Synthesis Report
  7) Low Level Synthesis
  8) Partition Report
  9) Final Report
	9.1) Device utilization summary
	9.2) Partition Resource Summary
	9.3) TIMING REPORT


=========================================================================
*                      Synthesis Options Summary                        *
=========================================================================
---- Source Parameters
Input File Name                    : "project.src"
Input Format                       : mixed

---- Target Parameters
Target Device                      : xC3s500e-fg320
Output File Name                   : "project.ngc"
Output Format                      : NGC

---- Source Options
Top Module Name                    : peripheral_div

---- General Options
Optimization Goal                  : Area
Optimization Effort                : 1
RTL Output                         : yes

=========================================================================


=========================================================================
*                          HDL Compilation                              *
=========================================================================
Compiling verilog file "../peripheral_div.v" in library work
Compiling verilog file "../div_16/control_div.v" in library work
Module <peripheral_div> compiled
Compiling verilog file "../div_16/counter_div.v" in library work
Module <control_div> compiled
Compiling verilog file "../div_16/div_16.v" in library work
Module <counter_div> compiled
Compiling verilog file "../div_16/final_result.v" in library work
Module <div_16> compiled
Compiling verilog file "../div_16/lsr_div.v" in library work
Module <final_result> compiled
Compiling verilog file "../div_16/subtractor.v" in library work
Module <lsr_div> compiled
Module <subtractor> compiled
No errors in compilation
Analysis of file <"project.src"> succeeded.
 

=========================================================================
*                     Design Hierarchy Analysis                         *
=========================================================================
Analyzing hierarchy for module <peripheral_div> in library <work>.

Analyzing hierarchy for module <div_16> in library <work>.

Analyzing hierarchy for module <lsr_div> in library <work>.

Analyzing hierarchy for module <subtractor> in library <work>.

Analyzing hierarchy for module <counter_div> in library <work>.

Analyzing hierarchy for module <control_div> in library <work> with parameters.
	ADD = "011"
	CHECK = "010"
	END1 = "100"
	LOAD = "101"
	SHIFT_DEC = "001"
	START = "000"

Analyzing hierarchy for module <final_result> in library <work>.


=========================================================================
*                            HDL Analysis                               *
=========================================================================
Analyzing top module <peripheral_div>.
Module <peripheral_div> is correct for synthesis.
 
Analyzing module <div_16> in library <work>.
Module <div_16> is correct for synthesis.
 
Analyzing module <lsr_div> in library <work>.
Module <lsr_div> is correct for synthesis.
 
Analyzing module <subtractor> in library <work>.
Module <subtractor> is correct for synthesis.
 
Analyzing module <counter_div> in library <work>.
Module <counter_div> is correct for synthesis.
 
Analyzing module <control_div> in library <work>.
	ADD = 3'b011
	CHECK = 3'b010
	END1 = 3'b100
	LOAD = 3'b101
	SHIFT_DEC = 3'b001
	START = 3'b000
Module <control_div> is correct for synthesis.
 
Analyzing module <final_result> in library <work>.
Module <final_result> is correct for synthesis.
 

=========================================================================
*                           HDL Synthesis                               *
=========================================================================

Performing bidirectional port resolution...

Synthesizing Unit <lsr_div>.
    Related source file is "../div_16/lsr_div.v".
    Found 16-bit register for signal <A>.
    Found 16-bit register for signal <DV>.
    Summary:
	inferred  32 D-type flip-flop(s).
Unit <lsr_div> synthesized.


Synthesizing Unit <subtractor>.
    Related source file is "../div_16/subtractor.v".
    Found 16-bit register for signal <Result>.
    Found 16-bit comparator less for signal <MSB$cmp_lt0000> created at line 26.
    Found 16-bit adder for signal <Result$add0000> created at line 19.
    Summary:
	inferred  16 D-type flip-flop(s).
	inferred   1 Adder/Subtractor(s).
	inferred   1 Comparator(s).
Unit <subtractor> synthesized.


Synthesizing Unit <counter_div>.
    Related source file is "../div_16/counter_div.v".
    Found 1-bit register for signal <z>.
    Found 5-bit register for signal <cont>.
    Found 5-bit subtractor for signal <old_cont_4$addsub0000> created at line 18.
    Summary:
	inferred   6 D-type flip-flop(s).
	inferred   1 Adder/Subtractor(s).
Unit <counter_div> synthesized.


Synthesizing Unit <control_div>.
    Related source file is "../div_16/control_div.v".
    Found finite state machine <FSM_0> for signal <state>.
    -----------------------------------------------------------------------
    | States             | 6                                              |
    | Transitions        | 11                                             |
    | Inputs             | 4                                              |
    | Outputs            | 7                                              |
    | Clock              | clk                       (rising_edge)        |
    | Reset              | rst                       (positive)           |
    | Reset type         | synchronous                                    |
    | Reset State        | 000                                            |
    | Encoding           | automatic                                      |
    | Implementation     | automatic                                      |
    -----------------------------------------------------------------------
WARNING:Xst:737 - Found 1-bit latch for signal <DV0>. Latches may be generated from incomplete case or if statements. We do not recommend the use of latches in FPGA/CPLD designs, as they may lead to timing problems.
INFO:Xst:2371 - HDL ADVISOR - Logic functions respectively driving the data and gate enable inputs of this latch share common terms. This situation will potentially lead to setup/hold violations and, as a result, to simulation problems. This situation may come from an incomplete case statement (all selector values are not covered). You should carefully review if it was in your intentions to describe such a latch.
    Found 4-bit register for signal <count>.
    Found 4-bit adder for signal <old_count_5$add0000> created at line 69.
    Found 4-bit comparator greater for signal <state$cmp_gt0000> created at line 70.
    Summary:
	inferred   1 Finite State Machine(s).
	inferred   4 D-type flip-flop(s).
	inferred   1 Adder/Subtractor(s).
	inferred   1 Comparator(s).
Unit <control_div> synthesized.


Synthesizing Unit <final_result>.
    Related source file is "../div_16/final_result.v".
    Found 16-bit register for signal <Result>.
    Summary:
	inferred  16 D-type flip-flop(s).
Unit <final_result> synthesized.


Synthesizing Unit <div_16>.
    Related source file is "../div_16/div_16.v".
Unit <div_16> synthesized.


Synthesizing Unit <peripheral_div>.
    Related source file is "../peripheral_div.v".
    Found 16-bit register for signal <d_out>.
    Found 16-bit register for signal <A>.
    Found 16-bit register for signal <B>.
    Found 1-bit register for signal <init>.
    Summary:
	inferred  49 D-type flip-flop(s).
Unit <peripheral_div> synthesized.


=========================================================================
HDL Synthesis Report

Macro Statistics
# Adders/Subtractors                                   : 3
 16-bit adder                                          : 1
 4-bit adder                                           : 1
 5-bit subtractor                                      : 1
# Registers                                            : 26
 1-bit register                                        : 18
 16-bit register                                       : 6
 4-bit register                                        : 1
 5-bit register                                        : 1
# Latches                                              : 1
 1-bit latch                                           : 1
# Comparators                                          : 2
 16-bit comparator less                                : 1
 4-bit comparator greater                              : 1

=========================================================================

=========================================================================
*                       Advanced HDL Synthesis                          *
=========================================================================

Analyzing FSM <FSM_0> for best encoding.
Optimizing FSM <d_16/ctl_dv/state/FSM> on signal <state[1:6]> with one-hot encoding.
-------------------
 State | Encoding
-------------------
 000   | 000001
 001   | 000010
 010   | 000100
 011   | 010000
 100   | 001000
 101   | 100000
-------------------

=========================================================================
Advanced HDL Synthesis Report

Macro Statistics
# FSMs                                                 : 1
# Adders/Subtractors                                   : 3
 16-bit adder                                          : 1
 4-bit adder                                           : 1
 5-bit subtractor                                      : 1
# Registers                                            : 123
 Flip-Flops                                            : 123
# Latches                                              : 1
 1-bit latch                                           : 1
# Comparators                                          : 2
 16-bit comparator less                                : 1
 4-bit comparator greater                              : 1

=========================================================================

=========================================================================
*                         Low Level Synthesis                           *
=========================================================================

Optimizing unit <peripheral_div> ...

Optimizing unit <lsr_div> ...

Optimizing unit <subtractor> ...

Optimizing unit <counter_div> ...

Optimizing unit <control_div> ...

Optimizing unit <final_result> ...

Mapping all equations...
Building and optimizing final netlist ...
FlipFlop d_out_15 has been replicated 1 time(s) to handle iob=true attribute.
FlipFlop d_out_14 has been replicated 1 time(s) to handle iob=true attribute.
FlipFlop d_out_13 has been replicated 1 time(s) to handle iob=true attribute.
FlipFlop d_out_12 has been replicated 1 time(s) to handle iob=true attribute.
FlipFlop d_out_11 has been replicated 1 time(s) to handle iob=true attribute.
FlipFlop d_out_10 has been replicated 1 time(s) to handle iob=true attribute.
FlipFlop d_out_9 has been replicated 1 time(s) to handle iob=true attribute.
FlipFlop d_out_8 has been replicated 1 time(s) to handle iob=true attribute.
FlipFlop d_out_7 has been replicated 1 time(s) to handle iob=true attribute.
FlipFlop d_out_6 has been replicated 1 time(s) to handle iob=true attribute.
FlipFlop d_out_5 has been replicated 1 time(s) to handle iob=true attribute.
FlipFlop d_out_4 has been replicated 1 time(s) to handle iob=true attribute.
FlipFlop d_out_3 has been replicated 1 time(s) to handle iob=true attribute.
FlipFlop d_out_2 has been replicated 1 time(s) to handle iob=true attribute.
FlipFlop d_out_1 has been replicated 1 time(s) to handle iob=true attribute.

Final Macro Processing ...

=========================================================================
Final Register Report

Macro Statistics
# Registers                                            : 144
 Flip-Flops                                            : 144

=========================================================================

=========================================================================
*                           Partition Report                            *
=========================================================================

Partition Implementation Status
-------------------------------

  No Partitions were found in this design.

-------------------------------

=========================================================================
*                            Final Report                               *
=========================================================================
Final Results
RTL Top Level Output File Name     : project.ngr
Top Level Output File Name         : project.ngc
Output Format                      : NGC
Optimization Goal                  : Area
Keep Hierarchy                     : no

Design Statistics
# IOs                              : 41

Cell Usage :
# BELS                             : 165
#      INV                         : 1
#      LUT2                        : 39
#      LUT3                        : 40
#      LUT4                        : 33
#      MUXCY                       : 31
#      MUXF5                       : 4
#      VCC                         : 1
#      XORCY                       : 16
# FlipFlops/Latches                : 145
#      FD_1                        : 31
#      FDE                         : 4
#      FDE_1                       : 48
#      FDR                         : 5
#      FDR_1                       : 6
#      FDRE                        : 16
#      FDRE_1                      : 32
#      FDS                         : 1
#      FDS_1                       : 1
#      LD_1                        : 1
# Clock Buffers                    : 1
#      BUFGP                       : 1
# IO Buffers                       : 40
#      IBUF                        : 24
#      OBUF                        : 16
=========================================================================

Device utilization summary:
---------------------------

Selected Device : 3s500efg320-5 

 Number of Slices:                       84  out of   4656     1%  
 Number of Slice Flip Flops:            129  out of   9312     1%  
 Number of 4 input LUTs:                113  out of   9312     1%  
 Number of IOs:                          41
 Number of bonded IOBs:                  41  out of    232    17%  
    IOB Flip Flops:                      16
 Number of GCLKs:                         1  out of     24     4%  

---------------------------
Partition Resource Summary:
---------------------------

  No Partitions were found in this design.

---------------------------


=========================================================================
TIMING REPORT

NOTE: THESE TIMING NUMBERS ARE ONLY A SYNTHESIS ESTIMATE.
      FOR ACCURATE TIMING INFORMATION PLEASE REFER TO THE TRACE REPORT
      GENERATED AFTER PLACE-and-ROUTE.

Clock Information:
------------------
-----------------------------------+------------------------+-------+
Clock Signal                       | Clock buffer(FF name)  | Load  |
-----------------------------------+------------------------+-------+
clk                                | BUFGP                  | 144   |
d_16/ctl_dv/state_FSM_FFd5         | NONE(d_16/ctl_dv/DV0)  | 1     |
-----------------------------------+------------------------+-------+
INFO:Xst:2169 - HDL ADVISOR - Some clock signals were not automatically buffered by XST with BUFG/BUFR resources. Please use the buffer_type constraint in order to insert these buffers to the clock signals to help prevent skew problems.

Asynchronous Control Signals Information:
----------------------------------------
No asynchronous control signals found in this design

Timing Summary:
---------------
Speed Grade: -5

   Minimum period: 10.810ns (Maximum Frequency: 92.510MHz)
   Minimum input arrival time before clock: 5.208ns
   Maximum output required time after clock: 4.040ns
   Maximum combinational path delay: No path found

Timing Detail:
--------------
All values displayed in nanoseconds (ns)

=========================================================================
Timing constraint: Default period analysis for Clock 'clk'
  Clock period: 10.810ns (frequency: 92.510MHz)
  Total number of paths / destination ports: 908 / 196
-------------------------------------------------------------------------
Delay:               5.405ns (Levels of Logic = 19)
  Source:            B_0 (FF)
  Destination:       d_16/ctl_dv/state_FSM_FFd5 (FF)
  Source Clock:      clk falling
  Destination Clock: clk rising

  Data Path: B_0 to d_16/ctl_dv/state_FSM_FFd5
                                Gate     Net
    Cell:in->out      fanout   Delay   Delay  Logical Name (Net Name)
    ----------------------------------------  ------------
     FDE_1:C->Q            2   0.514   0.532  B_0 (B_0)
     LUT2:I0->O            1   0.612   0.000  d_16/sb/Mcompar_MSB_cmp_lt0000_lut<0> (d_16/sb/Mcompar_MSB_cmp_lt0000_lut<0>)
     MUXCY:S->O            1   0.404   0.000  d_16/sb/Mcompar_MSB_cmp_lt0000_cy<0> (d_16/sb/Mcompar_MSB_cmp_lt0000_cy<0>)
     MUXCY:CI->O           1   0.052   0.000  d_16/sb/Mcompar_MSB_cmp_lt0000_cy<1> (d_16/sb/Mcompar_MSB_cmp_lt0000_cy<1>)
     MUXCY:CI->O           1   0.052   0.000  d_16/sb/Mcompar_MSB_cmp_lt0000_cy<2> (d_16/sb/Mcompar_MSB_cmp_lt0000_cy<2>)
     MUXCY:CI->O           1   0.052   0.000  d_16/sb/Mcompar_MSB_cmp_lt0000_cy<3> (d_16/sb/Mcompar_MSB_cmp_lt0000_cy<3>)
     MUXCY:CI->O           1   0.052   0.000  d_16/sb/Mcompar_MSB_cmp_lt0000_cy<4> (d_16/sb/Mcompar_MSB_cmp_lt0000_cy<4>)
     MUXCY:CI->O           1   0.052   0.000  d_16/sb/Mcompar_MSB_cmp_lt0000_cy<5> (d_16/sb/Mcompar_MSB_cmp_lt0000_cy<5>)
     MUXCY:CI->O           1   0.052   0.000  d_16/sb/Mcompar_MSB_cmp_lt0000_cy<6> (d_16/sb/Mcompar_MSB_cmp_lt0000_cy<6>)
     MUXCY:CI->O           1   0.052   0.000  d_16/sb/Mcompar_MSB_cmp_lt0000_cy<7> (d_16/sb/Mcompar_MSB_cmp_lt0000_cy<7>)
     MUXCY:CI->O           1   0.052   0.000  d_16/sb/Mcompar_MSB_cmp_lt0000_cy<8> (d_16/sb/Mcompar_MSB_cmp_lt0000_cy<8>)
     MUXCY:CI->O           1   0.052   0.000  d_16/sb/Mcompar_MSB_cmp_lt0000_cy<9> (d_16/sb/Mcompar_MSB_cmp_lt0000_cy<9>)
     MUXCY:CI->O           1   0.052   0.000  d_16/sb/Mcompar_MSB_cmp_lt0000_cy<10> (d_16/sb/Mcompar_MSB_cmp_lt0000_cy<10>)
     MUXCY:CI->O           1   0.052   0.000  d_16/sb/Mcompar_MSB_cmp_lt0000_cy<11> (d_16/sb/Mcompar_MSB_cmp_lt0000_cy<11>)
     MUXCY:CI->O           1   0.052   0.000  d_16/sb/Mcompar_MSB_cmp_lt0000_cy<12> (d_16/sb/Mcompar_MSB_cmp_lt0000_cy<12>)
     MUXCY:CI->O           1   0.052   0.000  d_16/sb/Mcompar_MSB_cmp_lt0000_cy<13> (d_16/sb/Mcompar_MSB_cmp_lt0000_cy<13>)
     MUXCY:CI->O           1   0.052   0.000  d_16/sb/Mcompar_MSB_cmp_lt0000_cy<14> (d_16/sb/Mcompar_MSB_cmp_lt0000_cy<14>)
     MUXCY:CI->O           3   0.289   0.481  d_16/sb/Mcompar_MSB_cmp_lt0000_cy<15> (d_16/sb/Mcompar_MSB_cmp_lt0000_cy<15>)
     LUT3:I2->O            1   0.612   0.360  d_16/ctl_dv/state_FSM_FFd5-In_SW2 (N21)
     LUT4:I3->O            1   0.612   0.000  d_16/ctl_dv/state_FSM_FFd5-In (d_16/ctl_dv/state_FSM_FFd5-In)
     FDR:D                     0.268          d_16/ctl_dv/state_FSM_FFd5
    ----------------------------------------
    Total                      5.405ns (4.032ns logic, 1.373ns route)
                                       (74.6% logic, 25.4% route)

=========================================================================
Timing constraint: Default OFFSET IN BEFORE for Clock 'clk'
  Total number of paths / destination ports: 628 / 123
-------------------------------------------------------------------------
Offset:              5.208ns (Levels of Logic = 4)
  Source:            addr<2> (PAD)
  Destination:       d_out_0 (FF)
  Destination Clock: clk falling

  Data Path: addr<2> to d_out_0
                                Gate     Net
    Cell:in->out      fanout   Delay   Delay  Logical Name (Net Name)
    ----------------------------------------  ------------
     IBUF:I->O             5   1.106   0.690  addr_2_IBUF (addr_2_IBUF)
     LUT3:I0->O            1   0.612   0.360  d_out_0_mux00001_SW0 (N6)
     LUT4:I3->O           16   0.612   0.948  d_out_0_mux00001 (N01)
     LUT4:I1->O            2   0.612   0.000  d_out_9_mux00001 (d_out_9_mux0000)
     FD_1:D                    0.268          d_out_9
    ----------------------------------------
    Total                      5.208ns (3.210ns logic, 1.998ns route)
                                       (61.6% logic, 38.4% route)

=========================================================================
Timing constraint: Default OFFSET OUT AFTER for Clock 'clk'
  Total number of paths / destination ports: 16 / 16
-------------------------------------------------------------------------
Offset:              4.040ns (Levels of Logic = 1)
  Source:            d_out_15_1 (FF)
  Destination:       d_out<15> (PAD)
  Source Clock:      clk falling

  Data Path: d_out_15_1 to d_out<15>
                                Gate     Net
    Cell:in->out      fanout   Delay   Delay  Logical Name (Net Name)
    ----------------------------------------  ------------
     FD_1:C->Q             1   0.514   0.357  d_out_15_1 (d_out_15_1)
     OBUF:I->O                 3.169          d_out_15_OBUF (d_out<15>)
    ----------------------------------------
    Total                      4.040ns (3.683ns logic, 0.357ns route)
                                       (91.2% logic, 8.8% route)

=========================================================================


Total REAL time to Xst completion: 8.00 secs
Total CPU time to Xst completion: 5.95 secs
 
--> 


Total memory usage is 515468 kilobytes

Number of errors   :    0 (   0 filtered)
Number of warnings :    2 (   0 filtered)
Number of infos    :    2 (   0 filtered)

